0 info it worked if it ends with ok
1 verbose cli [ '/usr/local/bin/node',
1 verbose cli   '/Users/haris/.node_modules_global/bin/npm',
1 verbose cli   'start' ]
2 info using npm@4.0.3
3 info using node@v7.8.0
4 verbose run-script [ 'prestart', 'start', 'poststart' ]
5 info lifecycle clipsack@0.0.1~prestart: clipsack@0.0.1
6 silly lifecycle clipsack@0.0.1~prestart: no script for prestart, continuing
7 info lifecycle clipsack@0.0.1~start: clipsack@0.0.1
8 verbose lifecycle clipsack@0.0.1~start: unsafe-perm in lifecycle true
9 verbose lifecycle clipsack@0.0.1~start: PATH: /Users/haris/.node_modules_global/lib/node_modules/npm/bin/node-gyp-bin:/Applications/MAMP/htdocs/clipsack/node_modules/.bin:/Users/haris/.node_modules_global/bin:/usr/local/bin:/usr/bin:/bin:/usr/sbin:/sbin:/usr/local/git/bin:/usr/local/var/mongodb/
10 verbose lifecycle clipsack@0.0.1~start: CWD: /Applications/MAMP/htdocs/clipsack
11 silly lifecycle clipsack@0.0.1~start: Args: [ '-c', 'node ./bin/www' ]
12 silly lifecycle clipsack@0.0.1~start: Returned: code: 1  signal: null
13 info lifecycle clipsack@0.0.1~start: Failed to exec start script
14 verbose stack Error: clipsack@0.0.1 start: `node ./bin/www`
14 verbose stack Exit status 1
14 verbose stack     at EventEmitter.<anonymous> (/Users/haris/.node_modules_global/lib/node_modules/npm/lib/utils/lifecycle.js:279:16)
14 verbose stack     at emitTwo (events.js:106:13)
14 verbose stack     at EventEmitter.emit (events.js:194:7)
14 verbose stack     at ChildProcess.<anonymous> (/Users/haris/.node_modules_global/lib/node_modules/npm/lib/utils/spawn.js:40:14)
14 verbose stack     at emitTwo (events.js:106:13)
14 verbose stack     at ChildProcess.emit (events.js:194:7)
14 verbose stack     at maybeClose (internal/child_process.js:899:16)
14 verbose stack     at Process.ChildProcess._handle.onexit (internal/child_process.js:226:5)
15 verbose pkgid clipsack@0.0.1
16 verbose cwd /Applications/MAMP/htdocs/clipsack
17 error Darwin 16.5.0
18 error argv "/usr/local/bin/node" "/Users/haris/.node_modules_global/bin/npm" "start"
19 error node v7.8.0
20 error npm  v4.0.3
21 error code ELIFECYCLE
22 error clipsack@0.0.1 start: `node ./bin/www`
22 error Exit status 1
23 error Failed at the clipsack@0.0.1 start script 'node ./bin/www'.
23 error Make sure you have the latest version of node.js and npm installed.
23 error If you do, this is most likely a problem with the clipsack package,
23 error not with npm itself.
23 error Tell the author that this fails on your system:
23 error     node ./bin/www
23 error You can get information on how to open an issue for this project with:
23 error     npm bugs clipsack
23 error Or if that isn't available, you can get their info via:
23 error     npm owner ls clipsack
23 error There is likely additional logging output above.
24 verbose exit [ 1, true ]
